<?xml version="1.0" encoding="UTF-8"?>
<!-- Generated by org.testng.reporters.JUnitReportReporter -->
<testsuite hostname="hp" failures="0" tests="6" name="com.bridgelabz.Webinar" time="12.065" errors="0" timestamp="2023-03-04T00:44:59 IST" skipped="0">
  <testcase classname="com.bridgelabz.Webinar" name="email" time="1.330"/>
  <system-out/>
  <testcase classname="com.bridgelabz.Webinar" name="webinarAutoFill" time="1.848"/>
  <system-out/>
  <testcase classname="com.bridgelabz.Webinar" name="email" time="1.293"/>
  <system-out/>
  <testcase classname="com.bridgelabz.Webinar" name="webinarAutoFill" time="2.232"/>
  <system-out/>
  <testcase classname="com.bridgelabz.Webinar" name="email" time="1.262"/>
  <system-out/>
  <testcase classname="com.bridgelabz.Webinar" name="webinarAutoFill" time="4.100"/>
  <system-out/>
</testsuite> <!-- com.bridgelabz.Webinar -->
