<?xml version="1.0" encoding="UTF-8"?>
<!-- Generated by org.testng.reporters.JUnitReportReporter -->
<testsuite hostname="hp" failures="0" tests="1" name="com.bridgelabz.LinkedinLogin" time="6.976" errors="0" timestamp="2023-03-04T00:44:59 IST" skipped="0">
  <testcase classname="com.bridgelabz.LinkedinLogin" name="login" time="6.976"/>
  <system-out/>
</testsuite> <!-- com.bridgelabz.LinkedinLogin -->
