<?xml version="1.0" encoding="UTF-8"?>
<!-- Generated by org.testng.reporters.JUnitReportReporter -->
<testsuite hostname="hp" failures="0" tests="1" name="com.bridgelabz.FacebookLogin" time="2.980" errors="0" timestamp="2023-03-04T00:44:59 IST" skipped="0">
  <testcase classname="com.bridgelabz.FacebookLogin" name="login" time="2.980"/>
  <system-out/>
</testsuite> <!-- com.bridgelabz.FacebookLogin -->
